2021-09-29 15:20:23,161 - INFO - test.py - __main__ - check_stock - 商品ページへ遷移しました
2021-09-29 15:20:23,161 - INFO - test.py - __main__ - check_stock - 在庫確認中
2021-09-29 15:20:23,177 - INFO - test.py - __main__ - check_stock - ピカチュウ
2021-09-29 15:20:23,178 - INFO - test.py - __main__ - check_stock - サルノリ
2021-09-29 15:20:23,178 - INFO - test.py - __main__ - check_stock - ヒバニー
2021-09-29 15:20:23,179 - INFO - test.py - __main__ - check_stock - メッソン
2021-09-29 15:20:23,180 - INFO - test.py - __main__ - check_stock - アーマーガア
2021-09-29 15:20:23,192 - INFO - test.py - __main__ - check_stock - ウールー
2021-09-29 15:20:23,193 - INFO - test.py - __main__ - check_stock - ワンパチ
2021-09-29 15:20:23,193 - INFO - test.py - __main__ - check_stock - モルペコ
2021-09-29 15:20:23,194 - INFO - test.py - __main__ - check_stock - ザシアン
2021-09-29 15:20:23,194 - INFO - test.py - __main__ - check_stock - ザマゼンタ
2021-09-29 15:20:23,195 - INFO - test.py - __main__ - check_stock - リザードン
2021-09-29 15:20:23,195 - INFO - test.py - __main__ - check_stock - イーブイ
2021-09-29 15:20:23,195 - INFO - test.py - __main__ - check_stock - ミュウ
2021-09-29 15:20:23,196 - INFO - test.py - __main__ - check_stock - エーフィ
2021-09-29 15:20:23,196 - INFO - test.py - __main__ - check_stock - ブラッキー
2021-09-29 15:20:23,197 - INFO - test.py - __main__ - check_stock - レックウザ
2021-09-29 15:20:23,198 - INFO - test.py - __main__ - check_stock - ポッチャマ
2021-09-29 15:20:23,199 - INFO - test.py - __main__ - check_stock - ルカリオ
2021-09-29 15:20:23,200 - INFO - test.py - __main__ - check_stock - ミジュマル
2021-09-29 15:20:23,200 - INFO - test.py - __main__ - check_stock - ゲッコウガ
2021-09-29 15:20:23,201 - INFO - test.py - __main__ - check_stock - ニンフィア
2021-09-29 15:20:23,201 - INFO - test.py - __main__ - check_stock - モクロー
2021-09-29 15:20:23,201 - INFO - test.py - __main__ - check_stock - ミミッキュ
2021-09-29 15:20:23,202 - INFO - test.py - __main__ - check_stock - ポケモンカードゲーム デッキシールド ダイマックスミュウ
