2021-09-29 15:04:46,352 - INFO - test.py - __main__ - check_stock - 商品ページへ遷移しました
2021-09-29 15:04:46,352 - INFO - test.py - __main__ - check_stock - 在庫確認中
2021-09-29 15:04:46,362 - INFO - test.py - __main__ - check_stock - ピカチュウ
2021-09-29 15:04:46,362 - INFO - test.py - __main__ - check_stock - サルノリ
2021-09-29 15:04:46,362 - INFO - test.py - __main__ - check_stock - ヒバニー
2021-09-29 15:04:46,362 - INFO - test.py - __main__ - check_stock - メッソン
2021-09-29 15:04:46,367 - INFO - test.py - __main__ - check_stock - アーマーガア
2021-09-29 15:04:46,368 - INFO - test.py - __main__ - check_stock - ウールー
2021-09-29 15:04:46,368 - INFO - test.py - __main__ - check_stock - ワンパチ
2021-09-29 15:04:46,383 - INFO - test.py - __main__ - check_stock - モルペコ
2021-09-29 15:04:46,384 - INFO - test.py - __main__ - check_stock - ザシアン
2021-09-29 15:04:46,385 - INFO - test.py - __main__ - check_stock - ザマゼンタ
2021-09-29 15:04:46,386 - INFO - test.py - __main__ - check_stock - リザードン
2021-09-29 15:04:46,386 - INFO - test.py - __main__ - check_stock - イーブイ
2021-09-29 15:04:46,387 - INFO - test.py - __main__ - check_stock - ミュウ
2021-09-29 15:04:46,387 - INFO - test.py - __main__ - check_stock - エーフィ
2021-09-29 15:04:46,388 - INFO - test.py - __main__ - check_stock - ブラッキー
2021-09-29 15:04:46,388 - INFO - test.py - __main__ - check_stock - レックウザ
2021-09-29 15:04:46,389 - INFO - test.py - __main__ - check_stock - ポッチャマ
2021-09-29 15:04:46,390 - INFO - test.py - __main__ - check_stock - ルカリオ
2021-09-29 15:04:46,390 - INFO - test.py - __main__ - check_stock - ミジュマル
2021-09-29 15:04:46,391 - INFO - test.py - __main__ - check_stock - ゲッコウガ
2021-09-29 15:04:46,391 - INFO - test.py - __main__ - check_stock - ニンフィア
2021-09-29 15:04:46,392 - INFO - test.py - __main__ - check_stock - モクロー
2021-09-29 15:04:46,392 - INFO - test.py - __main__ - check_stock - ミミッキュ
2021-09-29 15:04:46,393 - INFO - test.py - __main__ - check_stock - ポケモンカードゲーム デッキシールド ダイマックスミュウ
