2021-09-29 15:04:07,523 - INFO - test.py - __main__ - check_stock - 商品ページへ遷移しました
2021-09-29 15:04:07,523 - INFO - test.py - __main__ - check_stock - 在庫確認中
2021-09-29 15:04:07,530 - INFO - test.py - __main__ - check_stock - ピカチュウ
2021-09-29 15:04:07,531 - INFO - test.py - __main__ - check_stock - サルノリ
2021-09-29 15:04:07,532 - INFO - test.py - __main__ - check_stock - ヒバニー
2021-09-29 15:04:07,532 - INFO - test.py - __main__ - check_stock - メッソン
2021-09-29 15:04:07,533 - INFO - test.py - __main__ - check_stock - アーマーガア
2021-09-29 15:04:07,537 - INFO - test.py - __main__ - check_stock - ウールー
2021-09-29 15:04:07,537 - INFO - test.py - __main__ - check_stock - ワンパチ
2021-09-29 15:04:07,550 - INFO - test.py - __main__ - check_stock - モルペコ
2021-09-29 15:04:07,550 - INFO - test.py - __main__ - check_stock - ザシアン
2021-09-29 15:04:07,551 - INFO - test.py - __main__ - check_stock - ザマゼンタ
2021-09-29 15:04:07,551 - INFO - test.py - __main__ - check_stock - リザードン
2021-09-29 15:04:07,551 - INFO - test.py - __main__ - check_stock - イーブイ
2021-09-29 15:04:07,552 - INFO - test.py - __main__ - check_stock - ミュウ
2021-09-29 15:04:07,553 - INFO - test.py - __main__ - check_stock - エーフィ
2021-09-29 15:04:07,553 - INFO - test.py - __main__ - check_stock - ブラッキー
2021-09-29 15:04:07,554 - INFO - test.py - __main__ - check_stock - レックウザ
2021-09-29 15:04:07,554 - INFO - test.py - __main__ - check_stock - ポッチャマ
2021-09-29 15:04:07,555 - INFO - test.py - __main__ - check_stock - ルカリオ
2021-09-29 15:04:07,555 - INFO - test.py - __main__ - check_stock - ミジュマル
2021-09-29 15:04:07,556 - INFO - test.py - __main__ - check_stock - ゲッコウガ
2021-09-29 15:04:07,556 - INFO - test.py - __main__ - check_stock - ニンフィア
2021-09-29 15:04:07,557 - INFO - test.py - __main__ - check_stock - モクロー
2021-09-29 15:04:07,557 - INFO - test.py - __main__ - check_stock - ミミッキュ
