2021-09-29 15:29:23,703 - INFO - test.py - __main__ - check_stock - 商品ページへ遷移しました
2021-09-29 15:29:23,703 - INFO - test.py - __main__ - check_stock - 在庫確認中
2021-09-29 15:29:23,717 - INFO - test.py - __main__ - check_stock - <form action="https://www.pokemoncenter-online.com/?main_page=FILENAME_PRODUCT_LISTP" id="product_list" method="get" name="product_list"> <input name="main_page" type="hidden" value="product_list"/><input name="from" type="hidden" value="search_form"/><br/>
<div class="search_item">
<dl>
<dt>ポケモンを選ぶ</dt>
<dd class="select">
<select class="select_parent" name="pokemon1">
<option value="">50音順</option>
<option value="ア">ア行</option>
<option value="カ">カ行</option>
<option value="サ">サ行</option>
<option value="タ">タ行</option>
<option value="ナ">ナ行</option>
<option value="ハ">ハ行</option>
<option value="マ">マ行</option>
<option value="ヤ">ヤ行</option>
<option value="ラ">ラ行</option>
<option value="ワ">ワ行</option>
</select>
<select class="select_child" disabled="" name="pokemon2">
<option value="">ポケモン</option>
<option data-value="ア" value="P_AIANT">アイアント</option>
<option data-value="ア" value="P_AOGARASU">アオガラス</option>
<option data-value="ア" value="P_AGILDER">アギルダー</option>
<option data-value="ア" value="P_AKUZIKING">アクジキング</option>
<option data-value="ア" value="P_AGNOME">アグノム</option>
<option data-value="ア" value="P_AGEHUNT">アゲハント</option>
<option data-value="ア" value="P_AGOJIMUSHI">アゴジムシ</option>
<option data-value="ア" value="P_ASANAN">アサナン</option>
<option data-value="ア" value="P_ASHIMARI">アシマリ</option>
<option data-value="ア" value="P_ASHIRENE">アシレーヌ</option>
<option data-value="ア" value="P_AZUMAO">アズマオウ</option>
<option data-value="ア" value="P_ACHAMO">アチャモ</option>
<option data-value="ア" value="P_APPRYU">アップリュー</option>
<option data-value="ア" value="P_ANOPTH">アノプス</option>
<option data-value="ア" value="P_ABAGOURA">アバゴーラ</option>
<option data-value="ア" value="P_ABSOL">アブソル</option>
<option data-value="ア" value="P_ABURIBBON">アブリボン</option>
<option data-value="ア" value="P_ABULY">アブリー</option>
<option data-value="ア" value="P_AMAKAJI">アマカジ</option>
<option data-value="ア" value="P_AMAMAIKO">アママイコ</option>
<option data-value="ア" value="P_AMARUS">アマルス</option>
<option data-value="ア" value="P_AMARURUGA">アマルルガ</option>
<option data-value="ア" value="P_AMAJO">アマージョ</option>
<option data-value="ア" value="P_AMETAMA">アメタマ</option>
<option data-value="ア" value="P_AMEMOTH">アメモース</option>
<option data-value="ア" value="P_ARIADOS">アリアドス</option>
<option data-value="ア" value="P_ALLIGATES">アリゲイツ</option>
<option data-value="ア" value="P_ARCEUS">アルセウス</option>
<option data-value="ア" value="P_UNKNOWN">アンノーン</option>
<option data-value="ア" value="P_ARCHEOS">アーケオス</option>
<option data-value="ア" value="P_ARCHEN">アーケン</option>
<option data-value="ア" value="P_AGOYON">アーゴヨン</option>
<option data-value="ア" value="P_ARBO">アーボ</option>
<option data-value="ア" value="P_ARBOK">アーボック</option>
<option data-value="ア" value="P_ARMALDO">アーマルド</option>
<option data-value="ア" value="P_ARMORGA">アーマーガア</option>
<option data-value="ア" value="P_YESSAN">イエッサン</option>
<option data-value="ア" value="P_EOLB">イオルブ</option>
<option data-value="ア" value="P_ISHIZUMAI">イシズマイ</option>
<option data-value="ア" value="P_ISITSUBUTE">イシツブテ</option>
<option data-value="ア" value="P_ISHIHENGIN">イシヘンジン</option>
<option data-value="ア" value="P_ITOMARU">イトマル</option>
<option data-value="ア" value="P_INOMOO">イノムー</option>
<option data-value="ア" value="P_YVELTAL">イベルタル</option>
<option data-value="ア" value="P_ILLUMISE">イルミーゼ</option>
<option data-value="ア" value="P_IWAPALACE">イワパレス</option>
<option data-value="ア" value="P_IWANKO">イワンコ</option>
<option data-value="ア" value="P_IWARK">イワーク</option>
<option data-value="ア" value="P_INTEREON">インテレオン</option>
<option data-value="ア" value="P_EIEVUI">イーブイ</option>
<option data-value="ア" value="P_WINDIE">ウインディ</option>
<option data-value="ア" value="P_WARRGLE">ウォーグル</option>
<option data-value="ア" value="P_UOCHILLDON">ウオチルドン</option>
<option data-value="ア" value="P_UONORAGON">ウオノラゴン</option>
<option data-value="ア" value="P_USOKKIE">ウソッキー</option>
<option data-value="ア" value="P_USOHACHI">ウソハチ</option>
<option data-value="ア" value="P_UU">ウッウ</option>
<option data-value="ア" value="P_UTSUDON">ウツドン</option>
<option data-value="ア" value="P_UTSUBOT">ウツボット</option>
<option data-value="ア" value="P_UTUROID">ウツロイド</option>
<option data-value="ア" value="P_UDEPPOU">ウデッポウ</option>
<option data-value="ア" value="P_UPAH">ウパー</option>
<option data-value="ア" value="P_URIMOO">ウリムー</option>
<option data-value="ア" value="P_ULGAMOTH">ウルガモス</option>
<option data-value="ア" value="P_WULAOSU">ウーラオス</option>
<option data-value="ア" value="P_WOOLUU">ウールー</option>
<option data-value="ア" value="P_AIRMD">エアームド</option>
<option data-value="ア" value="P_EIPAM">エイパム</option>
<option data-value="ア" value="P_ETEBOTH">エテボース</option>
<option data-value="ア" value="P_ENECO">エネコ</option>
<option data-value="ア" value="P_ENEKORORO">エネコロロ</option>
<option data-value="ア" value="P_EBIWALAR">エビワラー</option>
<option data-value="ア" value="P_EMRIT">エムリット</option>
<option data-value="ア" value="P_EMONGA">エモンガ</option>
<option data-value="ア" value="P_ERIKITERU">エリキテル</option>
<option data-value="ア" value="P_ELFUUN">エルフーン</option>
<option data-value="ア" value="P_ERUREIDO">エルレイド</option>
<option data-value="ア" value="P_ELEKID">エレキッド</option>
<option data-value="ア" value="P_ELEKIBLE">エレキブル</option>
<option data-value="ア" value="P_ELEZARD">エレザード</option>
<option data-value="ア" value="P_ELESON">エレズン</option>
<option data-value="ア" value="P_ELEBOO">エレブー</option>
<option data-value="ア" value="P_ENTEI">エンテイ</option>
<option data-value="ア" value="P_ENNEWT">エンニュート</option>
<option data-value="ア" value="P_ENBUOH">エンブオー</option>
<option data-value="ア" value="P_EMPERTE">エンペルト</option>
<option data-value="ア" value="P_ACEBURN">エースバーン</option>
<option data-value="ア" value="P_EIFIE">エーフィ</option>
<option data-value="ア" value="P_OHSUBAME">オオスバメ</option>
<option data-value="ア" value="P_OOTACHI">オオタチ</option>
<option data-value="ア" value="P_OKUTANK">オクタン</option>
<option data-value="ア" value="P_OKORIZARU">オコリザル</option>
<option data-value="ア" value="P_OSYAMARI">オシャマリ</option>
<option data-value="ア" value="P_OTACHI">オタチ</option>
<option data-value="ア" value="P_OTAMARO">オタマロ</option>
<option data-value="ア" value="P_OTOSUPUS">オトスパス</option>
<option data-value="ア" value="P_ODOSHISHI">オドシシ</option>
<option data-value="ア" value="P_ODORIDORI">オドリドリ</option>
<option data-value="ア" value="P_ONIGOHRI">オニゴーリ</option>
<option data-value="ア" value="P_ONISHIZUKUMO">オニシズクモ</option>
<option data-value="ア" value="P_ONISUZUME">オニスズメ</option>
<option data-value="ア" value="P_ONIDRILL">オニドリル</option>
<option data-value="ア" value="P_ONONOKUS">オノノクス</option>
<option data-value="ア" value="P_ONONDO">オノンド</option>
<option data-value="ア" value="P_OMSTAR">オムスター</option>
<option data-value="ア" value="P_OMNITE">オムナイト</option>
<option data-value="ア" value="P_ONBAT">オンバット</option>
<option data-value="ア" value="P_ONVERN">オンバーン</option>
<option data-value="ア" value="P_ORDILE">オーダイル</option>
<option data-value="ア" value="P_OHBEM">オーベム</option>
<option data-value="ア" value="P_OHROT">オーロット</option>
<option data-value="ア" value="P_OHLONGE">オーロンゲ</option>
<option data-value="カ" value="P_KYOGRE">カイオーガ</option>
<option data-value="カ" value="P_KAIRIKY">カイリキー</option>
<option data-value="カ" value="P_KAIRYU">カイリュー</option>
<option data-value="カ" value="P_KAILIOS">カイロス</option>
<option data-value="カ" value="P_KAENJISHI">カエンジシ</option>
<option data-value="カ" value="P_KAKUREON">カクレオン</option>
<option data-value="カ" value="P_KAGEBOUZU">カゲボウズ</option>
<option data-value="カ" value="P_KAJICCHU">カジッチュ</option>
<option data-value="カ" value="P_KAJIRIGAME">カジリガメ</option>
<option data-value="カ" value="P_KACHIKOHRU">カチコール</option>
<option data-value="カ" value="P_KABALDON">カバルドン</option>
<option data-value="カ" value="P_KABIGON">カビゴン</option>
<option data-value="カ" value="P_KABUTO">カブト</option>
<option data-value="カ" value="P_KABUTOPS">カブトプス</option>
<option data-value="カ" value="P_KABURUMO">カブルモ</option>
<option data-value="カ" value="P_KAPU-KOKEKO">カプ・コケコ</option>
<option data-value="カ" value="P_KAPU-TETEFU">カプ・テテフ</option>
<option data-value="カ" value="P_KAPU-BULUL">カプ・ブルル</option>
<option data-value="カ" value="P_KAPU-REHIRE">カプ・レヒレ</option>
<option data-value="カ" value="P_KAPOERER">カポエラー</option>
<option data-value="カ" value="P_KAMASUJAW">カマスジョー</option>
<option data-value="カ" value="P_KAMITURUGI">カミツルギ</option>
<option data-value="カ" value="P_KAMUKAME">カムカメ</option>
<option data-value="カ" value="P_KAMEX">カメックス</option>
<option data-value="カ" value="P_KAMETETE">カメテテ</option>
<option data-value="カ" value="P_KAMEIL">カメール</option>
<option data-value="カ" value="P_KAMONEGI">カモネギ</option>
<option data-value="カ" value="P_KARAKARA">カラカラ</option>
<option data-value="カ" value="P_KARASALIS">カラサリス</option>
<option data-value="カ" value="P_KARANAKUSHI">カラナクシ</option>
<option data-value="カ" value="P_CALAMANERO">カラマネロ</option>
<option data-value="カ" value="P_KARIKIRI">カリキリ</option>
<option data-value="カ" value="P_GAOGAEN">ガオガエン</option>
<option data-value="カ" value="P_GACHIGORAS">ガチゴラス</option>
<option data-value="カ" value="P_GABITE">ガバイト</option>
<option data-value="カ" value="P_GABURIAS">ガブリアス</option>
<option data-value="カ" value="P_GAMAGARU">ガマガル</option>
<option data-value="カ" value="P_GAMAGEROGE">ガマゲロゲ</option>
<option data-value="カ" value="P_GAMENODES">ガメノデス</option>
<option data-value="カ" value="P_GARAGARA">ガラガラ</option>
<option data-value="カ" value="P_GARURA">ガルーラ</option>
<option data-value="カ" value="P_GANTLE">ガントル</option>
<option data-value="カ" value="P_GARDIE">ガーディ</option>
<option data-value="カ" value="P_GAMALE">ガーメイル</option>
<option data-value="カ" value="P_KITERUGUMA">キテルグマ</option>
<option data-value="カ" value="P_KINOGASSA">キノガッサ</option>
<option data-value="カ" value="P_KINOCOCO">キノココ</option>
<option data-value="カ" value="P_KIBAGO">キバゴ</option>
<option data-value="カ" value="P_KIBANHA">キバニア</option>
<option data-value="カ" value="P_KIMAWARI">キマワリ</option>
<option data-value="カ" value="P_KIMORI">キモリ</option>
<option data-value="カ" value="P_CATERPIE">キャタピー</option>
<option data-value="カ" value="P_CAMOME">キャモメ</option>
<option data-value="カ" value="P_KYUKON">キュウコン</option>
<option data-value="カ" value="P_KYUREM">キュレム</option>
<option data-value="カ" value="P_CUWAWA">キュワワー</option>
<option data-value="カ" value="P_KIRIKIZAN">キリキザン</option>
<option data-value="カ" value="P_KIRINRIKI">キリンリキ</option>
<option data-value="カ" value="P_KIRLIA">キルリア</option>
<option data-value="カ" value="P_KIREIHANA">キレイハナ</option>
<option data-value="カ" value="P_KINGDRA">キングドラ</option>
<option data-value="カ" value="P_KINGLER">キングラー</option>
<option data-value="カ" value="P_GIARU">ギアル</option>
<option data-value="カ" value="P_GIGAIATH">ギガイアス</option>
<option data-value="カ" value="P_GIGIARU">ギギアル</option>
<option data-value="カ" value="P_GIGIGIARU">ギギギアル</option>
<option data-value="カ" value="P_GIMOH">ギモー</option>
<option data-value="カ" value="P_GYARADOS">ギャラドス</option>
<option data-value="カ" value="P_GALLOP">ギャロップ</option>
<option data-value="カ" value="P_GIRATINA">ギラティナ</option>
<option data-value="カ" value="P_GILLGARD">ギルガルド</option>
<option data-value="カ" value="P_KUITARAN">クイタラン</option>
<option data-value="カ" value="P_KUSAIHANA">クサイハナ</option>
<option data-value="カ" value="P_KUSUNE">クスネ</option>
<option data-value="カ" value="P_KUZUMO">クズモー</option>
<option data-value="カ" value="P_KUCHEAT">クチート</option>
<option data-value="カ" value="P_KUNUGIDAMA">クヌギダマ</option>
<option data-value="カ" value="P_KUMASYUN">クマシュン</option>
<option data-value="カ" value="P_CRAB">クラブ</option>
<option data-value="カ" value="P_CRIMGAN">クリムガン</option>
<option data-value="カ" value="P_KURUMAYU">クルマユ</option>
<option data-value="カ" value="P_KURUMIRU">クルミル</option>
<option data-value="カ" value="P_CRESSELIA">クレセリア</option>
<option data-value="カ" value="P_CLEFFY">クレッフィ</option>
<option data-value="カ" value="P_CREBASE">クレベース</option>
<option data-value="カ" value="P_CROBAT">クロバット</option>
<option data-value="カ" value="P_KUWAGANNON">クワガノン</option>
<option data-value="カ" value="P_GUSOKUMUSHA">グソクムシャ</option>
<option data-value="カ" value="P_GLION">グライオン</option>
<option data-value="カ" value="P_GLIGER">グライガー</option>
<option data-value="カ" value="P_GRAENA">グラエナ</option>
<option data-value="カ" value="P_GRANBULU">グランブル</option>
<option data-value="カ" value="P_GROUDON">グラードン</option>
<option data-value="カ" value="P_GLACIA">グレイシア</option>
<option data-value="カ" value="P_GUREGGRU">グレッグル</option>
<option data-value="カ" value="P_KEIKOUO">ケイコウオ</option>
<option data-value="カ" value="P_KEKENKANI">ケケンカニ</option>
<option data-value="カ" value="P_KEKKING">ケッキング</option>
<option data-value="カ" value="P_KEMUSSO">ケムッソ</option>
<option data-value="カ" value="P_KERARAPPA">ケララッパ</option>
<option data-value="カ" value="P_KELDEO">ケルディオ</option>
<option data-value="カ" value="P_KEROMATSU">ケロマツ</option>
<option data-value="カ" value="P_KENTAUROS">ケンタロス</option>
<option data-value="カ" value="P_KENHALLOW">ケンホロウ</option>
<option data-value="カ" value="P_CASEY">ケーシィ</option>
<option data-value="カ" value="P_GEKOGASHIRA">ゲコガシラ</option>
<option data-value="カ" value="P_GEKKOUGA">ゲッコウガ</option>
<option data-value="カ" value="P_GENESECT">ゲノセクト</option>
<option data-value="カ" value="P_GANGAR">ゲンガー</option>
<option data-value="カ" value="P_KOARUHIE">コアルヒー</option>
<option data-value="カ" value="P_KOIKING">コイキング</option>
<option data-value="カ" value="P_COIL">コイル</option>
<option data-value="カ" value="P_KORIPPO">コオリッポ</option>
<option data-value="カ" value="P_COCOON">コクーン</option>
<option data-value="カ" value="P_KOKOGARA">ココガラ</option>
<option data-value="カ" value="P_COKODORA">ココドラ</option>
<option data-value="カ" value="P_KOKOROMORI">ココロモリ</option>
<option data-value="カ" value="P_KOJOFU">コジョフー</option>
<option data-value="カ" value="P_KOJONDO">コジョンド</option>
<option data-value="カ" value="P_COSMOVUM">コスモウム</option>
<option data-value="カ" value="P_COSMOG">コスモッグ</option>
<option data-value="カ" value="P_KOSOKUMUSHI">コソクムシ</option>
<option data-value="カ" value="P_KODUCK">コダック</option>
<option data-value="カ" value="P_KODORA">コドラ</option>
<option data-value="カ" value="P_KONOHANA">コノハナ</option>
<option data-value="カ" value="P_COBALON">コバルオン</option>
<option data-value="カ" value="P_KOFUKIMUSHI">コフキムシ</option>
<option data-value="カ" value="P_KOFUURAI">コフーライ</option>
<option data-value="カ" value="P_KOMATANA">コマタナ</option>
<option data-value="カ" value="P_KOMORUU">コモルー</option>
<option data-value="カ" value="P_KORATTA">コラッタ</option>
<option data-value="カ" value="P_KOLINK">コリンク</option>
<option data-value="カ" value="P_KOROTOCK">コロトック</option>
<option data-value="カ" value="P_KOROBOHSHI">コロボーシ</option>
<option data-value="カ" value="P_KOROMORI">コロモリ</option>
<option data-value="カ" value="P_KONGPANG">コンパン</option>
<option data-value="カ" value="P_COTOISE">コータス</option>
<option data-value="カ" value="P_GOUKAZARU">ゴウカザル</option>
<option data-value="カ" value="P_GOKULIN">ゴクリン</option>
<option data-value="カ" value="P_GOTHIMIRU">ゴチミル</option>
<option data-value="カ" value="P_GOTHIMU">ゴチム</option>
<option data-value="カ" value="P_GOTHIRUSELLE">ゴチルゼル</option>
<option data-value="カ" value="P_GONYONYO">ゴニョニョ</option>
<option data-value="カ" value="P_GOBIT">ゴビット</option>
<option data-value="カ" value="P_GOMAZOU">ゴマゾウ</option>
<option data-value="カ" value="P_GORIRANDER">ゴリランダー</option>
<option data-value="カ" value="P_GOLDUCK">ゴルダック</option>
<option data-value="カ" value="P_GOLBAT">ゴルバット</option>
<option data-value="カ" value="P_GOLOOG">ゴルーグ</option>
<option data-value="カ" value="P_GORONDA">ゴロンダ</option>
<option data-value="カ" value="P_GOLONYA">ゴローニャ</option>
<option data-value="カ" value="P_GOLONE">ゴローン</option>
<option data-value="カ" value="P_GONBE">ゴンベ</option>
<option data-value="カ" value="P_GOGOAT">ゴーゴート</option>
<option data-value="カ" value="P_GHOS">ゴース</option>
<option data-value="カ" value="P_GHOST">ゴースト</option>
<option data-value="カ" value="P_GORIKY">ゴーリキー</option>
<option data-value="サ" value="P_SIDON">サイドン</option>
<option data-value="サ" value="P_SIHORN">サイホーン</option>
<option data-value="サ" value="P_SAKURABYSS">サクラビス</option>
<option data-value="サ" value="P_SAZANDORA">サザンドラ</option>
<option data-value="サ" value="P_SASIKAMASU">サシカマス</option>
<option data-value="サ" value="P_SADAIJA">サダイジャ</option>
<option data-value="サ" value="P_SACCHIMUSHI">サッチムシ</option>
<option data-value="サ" value="P_SANAGIRAS">サナギラス</option>
<option data-value="サ" value="P_SUNIGOON">サニゴーン</option>
<option data-value="サ" value="P_SUNNYGO">サニーゴ</option>
<option data-value="サ" value="P_SABONEA">サボネア</option>
<option data-value="サ" value="P_SAMAYOURU">サマヨール</option>
<option data-value="サ" value="P_SAMEHADER">サメハダー</option>
<option data-value="サ" value="P_SARUNORI">サルノリ</option>
<option data-value="サ" value="P_SAWAMULAR">サワムラー</option>
<option data-value="サ" value="P_THUNDER">サンダー</option>
<option data-value="サ" value="P_THUNDERS">サンダース</option>
<option data-value="サ" value="P_SAND">サンド</option>
<option data-value="サ" value="P_SANDPAN">サンドパン</option>
<option data-value="サ" value="P_SIRNIGHT">サーナイト</option>
<option data-value="サ" value="P_ZACIAN">ザシアン</option>
<option data-value="サ" value="P_ZAMAZENTA">ザマゼンタ</option>
<option data-value="サ" value="P_ZARUDE">ザルード</option>
<option data-value="サ" value="P_ZANGOOSE">ザングース</option>
<option data-value="サ" value="P_SHAYMIN">シェイミ</option>
<option data-value="サ" value="P_SHELLDER">シェルダー</option>
<option data-value="サ" value="P_SHIKIJIKA">シキジカ</option>
<option data-value="サ" value="P_SHIZARIGER">シザリガー</option>
<option data-value="サ" value="P_SHISHIKO">シシコ</option>
<option data-value="サ" value="P_SHIZUKUMO">シズクモ</option>
<option data-value="サ" value="P_SHIBISHIRASU">シビシラス</option>
<option data-value="サ" value="P_SHIBIBEEL">シビビール</option>
<option data-value="サ" value="P_SHIBIRUDON">シビルドン</option>
<option data-value="サ" value="P_SHIMAMA">シママ</option>
<option data-value="サ" value="P_SHOWERS">シャワーズ</option>
<option data-value="サ" value="P_CHANDELA">シャンデラ</option>
<option data-value="サ" value="P_SHUSHUPU">シュシュプ</option>
<option data-value="サ" value="P_CHEVARGO">シュバルゴ</option>
<option data-value="サ" value="P_SILVADY">シルヴァディ</option>
<option data-value="サ" value="P_SIRODETHNA">シロデスナ</option>
<option data-value="サ" value="P_SYMBOLER">シンボラー</option>
<option data-value="サ" value="P_SEADRA">シードラ</option>
<option data-value="サ" value="P_ZYGARDE">ジガルデ</option>
<option data-value="サ" value="P_JIGUZAGUMA">ジグザグマ</option>
<option data-value="サ" value="P_JIJILONG">ジジーロン</option>
<option data-value="サ" value="P_JIBACOIL">ジバコイル</option>
<option data-value="サ" value="P_DIHEAD">ジヘッド</option>
<option data-value="サ" value="P_JIMEREON">ジメレオン</option>
<option data-value="サ" value="P_JANOVY">ジャノビー</option>
<option data-value="サ" value="P_JYARAKO">ジャラコ</option>
<option data-value="サ" value="P_JYARARANGA">ジャラランガ</option>
<option data-value="サ" value="P_JYARANGO">ジャランゴ</option>
<option data-value="サ" value="P_JALORDA">ジャローダ</option>
<option data-value="サ" value="P_JUKAIN">ジュカイン</option>
<option data-value="サ" value="P_JUGON">ジュゴン</option>
<option data-value="サ" value="P_JUNAIPER">ジュナイパー</option>
<option data-value="サ" value="P_JUPTILE">ジュプトル</option>
<option data-value="サ" value="P_JUPPETA">ジュペッタ</option>
<option data-value="サ" value="P_DURALUDON">ジュラルドン</option>
<option data-value="サ" value="P_DURALUDON">ジュラルドン</option>
<option data-value="サ" value="P_JIRACHI">ジラーチ</option>
<option data-value="サ" value="P_GLANTH">ジーランス</option>
<option data-value="サ" value="P_SUICUNE">スイクン</option>
<option data-value="サ" value="P_SKUTANK">スカタンク</option>
<option data-value="サ" value="P_SKUNPUU">スカンプー</option>
<option data-value="サ" value="P_SCORUPI">スコルピ</option>
<option data-value="サ" value="P_STARMIE">スターミー</option>
<option data-value="サ" value="P_STRIKE">ストライク</option>
<option data-value="サ" value="P_STRINDER">ストリンダー</option>
<option data-value="サ" value="P_SUNABA">スナバァ</option>
<option data-value="サ" value="P_SUNAHEBI">スナヘビ</option>
<option data-value="サ" value="P_SUBAME">スバメ</option>
<option data-value="サ" value="P_SPEAR">スピアー</option>
<option data-value="サ" value="P_SUBOMIE">スボミー</option>
<option data-value="サ" value="P_SLEEPER">スリーパー</option>
<option data-value="サ" value="P_SLEEPE">スリープ</option>
<option data-value="サ" value="P_SWANNA">スワンナ</option>
<option data-value="サ" value="P_ZUGAIDOS">ズガイドス</option>
<option data-value="サ" value="P_ZUGADOON">ズガドーン</option>
<option data-value="サ" value="P_ZUBAT">ズバット</option>
<option data-value="サ" value="P_ZURUZUKIN">ズルズキン</option>
<option data-value="サ" value="P_ZURUGGU">ズルッグ</option>
<option data-value="サ" value="P_SEKITANZAN">セキタンザン</option>
<option data-value="サ" value="P_CELEBI">セレビィ</option>
<option data-value="サ" value="P_ZEKROM">ゼクロム</option>
<option data-value="サ" value="P_ZENIGAME">ゼニガメ</option>
<option data-value="サ" value="P_ZEBRAIKA">ゼブライカ</option>
<option data-value="サ" value="P_ZERAORA">ゼラオラ</option>
<option data-value="サ" value="P_XERNEAS">ゼルネアス</option>
<option data-value="サ" value="P_SOLGALEO">ソルガレオ</option>
<option data-value="サ" value="P_SOLROCK">ソルロック</option>
<option data-value="サ" value="P_SOHNANO">ソーナノ</option>
<option data-value="サ" value="P_SONANS">ソーナンス</option>
<option data-value="サ" value="P_ZOUDOU">ゾウドウ</option>
<option data-value="サ" value="P_ZORUA">ゾロア</option>
<option data-value="サ" value="P_ZOROARK">ゾロアーク</option>
<option data-value="タ" value="P_TYPE:NULL">タイプ：ヌル</option>
<option data-value="タ" value="P_TAIRETSU">タイレーツ</option>
<option data-value="タ" value="P_TATAKKO">タタッコ</option>
<option data-value="タ" value="P_TACHIFUSAGUMA">タチフサグマ</option>
<option data-value="タ" value="P_TATTU">タッツー</option>
<option data-value="タ" value="P_TATSUBAY">タツベイ</option>
<option data-value="タ" value="P_TATETOPS">タテトプス</option>
<option data-value="タ" value="P_TANEBOH">タネボー</option>
<option data-value="タ" value="P_TABUNNE">タブンネ</option>
<option data-value="タ" value="P_TAMAGETAKE">タマゲタケ</option>
<option data-value="タ" value="P_TAMAZARASHI">タマザラシ</option>
<option data-value="タ" value="P_TAMATAMA">タマタマ</option>
<option data-value="タ" value="P_TAMANTA">タマンタ</option>
<option data-value="タ" value="P_TARUPPLE">タルップル</option>
<option data-value="タ" value="P_TANDON">タンドン</option>
<option data-value="タ" value="P_DAIOUDOU">ダイオウドウ</option>
<option data-value="タ" value="P_DAIKENKI">ダイケンキ</option>
<option data-value="タ" value="P_DAINOSE">ダイノーズ</option>
<option data-value="タ" value="P_DAKUMA">ダクマ</option>
<option data-value="タ" value="P_DUGTRIO">ダグトリオ</option>
<option data-value="タ" value="P_DAGEKI">ダゲキ</option>
<option data-value="タ" value="P_DUSTDAS">ダストダス</option>
<option data-value="タ" value="P_DADARIN">ダダリン</option>
<option data-value="タ" value="P_DOUBLAN">ダブラン</option>
<option data-value="タ" value="P_DARUMAKKA">ダルマッカ</option>
<option data-value="タ" value="P_DANGORO">ダンゴロ</option>
<option data-value="タ" value="P_DUMBBER">ダンバル</option>
<option data-value="タ" value="P_DARKRAI">ダークライ</option>
<option data-value="タ" value="P_DIRTENG">ダーテング</option>
<option data-value="タ" value="P_CHERRIM">チェリム</option>
<option data-value="タ" value="P_CHERINBO">チェリンボ</option>
<option data-value="タ" value="P_CHICORITA">チコリータ</option>
<option data-value="タ" value="P_CHIGORAS">チゴラス</option>
<option data-value="タ" value="P_CHAOBOO">チャオブー</option>
<option data-value="タ" value="P_CHAREM">チャーレム</option>
<option data-value="タ" value="P_CHURINE">チュリネ</option>
<option data-value="タ" value="P_CHOBOMAKI">チョボマキ</option>
<option data-value="タ" value="P_CHORONEKO">チョロネコ</option>
<option data-value="タ" value="P_CHONCHIE">チョンチー</option>
<option data-value="タ" value="P_CHILLACCINO">チラチーノ</option>
<option data-value="タ" value="P_CHILLARMY">チラーミィ</option>
<option data-value="タ" value="P_CHIREAN">チリーン</option>
<option data-value="タ" value="P_TYLTALIS">チルタリス</option>
<option data-value="タ" value="P_TYLTTO">チルット</option>
<option data-value="タ" value="P_TSUTARJA">ツタージャ</option>
<option data-value="タ" value="P_TUTININ">ツチニン</option>
<option data-value="タ" value="P_TSUTSUKERA">ツツケラ</option>
<option data-value="タ" value="P_TSUBOTSUBO">ツボツボ</option>
<option data-value="タ" value="P_TUNDETUNDE">ツンデツンデ</option>
<option data-value="タ" value="P_TUNBEAR">ツンベアー</option>
<option data-value="タ" value="P_TEKKAGUYA">テッカグヤ</option>
<option data-value="タ" value="P_TEKKANIN">テッカニン</option>
<option data-value="タ" value="P_TESSEED">テッシード</option>
<option data-value="タ" value="P_TEPPOUO">テッポウオ</option>
<option data-value="タ" value="P_TEBRIM">テブリム</option>
<option data-value="タ" value="P_TERRAKION">テラキオン</option>
<option data-value="タ" value="P_TAIRENAR">テールナー</option>
<option data-value="タ" value="P_DIALGA">ディアルガ</option>
<option data-value="タ" value="P_DIANCIE">ディアンシー</option>
<option data-value="タ" value="P_DIGDA">ディグダ</option>
<option data-value="タ" value="P_DEOXYS">デオキシス</option>
<option data-value="タ" value="P_DEKAGOOSE">デカグース</option>
<option data-value="タ" value="P_DESUKARN">デスカーン</option>
<option data-value="タ" value="P_DEATHBARN">デスバーン</option>
<option data-value="タ" value="P_DESUMASU">デスマス</option>
<option data-value="タ" value="P_DEDENNE">デデンネ</option>
<option data-value="タ" value="P_DELIBIRD">デリバード</option>
<option data-value="タ" value="P_DELVIL">デルビル</option>
<option data-value="タ" value="P_DENJYUMOKU">デンジュモク</option>
<option data-value="タ" value="P_DENTULA">デンチュラ</option>
<option data-value="タ" value="P_DENDIMUSHI">デンヂムシ</option>
<option data-value="タ" value="P_DENRYU">デンリュウ</option>
<option data-value="タ" value="P_TOGEKISS">トゲキッス</option>
<option data-value="タ" value="P_TOGECHICK">トゲチック</option>
<option data-value="タ" value="P_TOGEDEMARU">トゲデマル</option>
<option data-value="タ" value="P_TOGEPY">トゲピー</option>
<option data-value="タ" value="P_TOSAKINTO">トサキント</option>
<option data-value="タ" value="P_TODOGGLER">トドグラー</option>
<option data-value="タ" value="P_TODOSERUGA">トドゼルガ</option>
<option data-value="タ" value="P_TRANSEL">トランセル</option>
<option data-value="タ" value="P_TORIDEPS">トリデプス</option>
<option data-value="タ" value="P_TRITODON">トリトドン</option>
<option data-value="タ" value="P_TRIMMIEN">トリミアン</option>
<option data-value="タ" value="P_TORNELOS">トルネロス</option>
<option data-value="タ" value="P_TOROGGON">トロッゴン</option>
<option data-value="タ" value="P_TROPIUS">トロピウス</option>
<option data-value="タ" value="P_DOGARS">ドガース</option>
<option data-value="タ" value="P_DOKUKURAGE">ドククラゲ</option>
<option data-value="タ" value="P_DOKUCALE">ドクケイル</option>
<option data-value="タ" value="P_DOKUROG">ドクロッグ</option>
<option data-value="タ" value="P_DOGOHMB">ドゴーム</option>
<option data-value="タ" value="P_DOSIDON">ドサイドン</option>
<option data-value="タ" value="P_DOJOACH">ドジョッチ</option>
<option data-value="タ" value="P_DODAITOSE">ドダイトス</option>
<option data-value="タ" value="P_DOKKORER">ドッコラー</option>
<option data-value="タ" value="P_DOTEKKOTSU">ドテッコツ</option>
<option data-value="タ" value="P_DODEKABASHI">ドデカバシ</option>
<option data-value="タ" value="P_DOHIDOIDE">ドヒドイデ</option>
<option data-value="タ" value="P_DORAPULT">ドラパルト</option>
<option data-value="タ" value="P_DORAPION">ドラピオン</option>
<option data-value="タ" value="P_DRAMIDORO">ドラミドロ</option>
<option data-value="タ" value="P_DORAMESHIYA">ドラメシヤ</option>
<option data-value="タ" value="P_DORYUZU">ドリュウズ</option>
<option data-value="タ" value="P_DREDEAR">ドレディア</option>
<option data-value="タ" value="P_DOROBANKO">ドロバンコ</option>
<option data-value="タ" value="P_DORONCH">ドロンチ</option>
<option data-value="タ" value="P_DONGKARASU">ドンカラス</option>
<option data-value="タ" value="P_DONFAN">ドンファン</option>
<option data-value="タ" value="P_DONMEL">ドンメル</option>
<option data-value="タ" value="P_DOHTAKUN">ドータクン</option>
<option data-value="タ" value="P_DODORIO">ドードリオ</option>
<option data-value="タ" value="P_DODO">ドードー</option>
<option data-value="タ" value="P_DOBLE">ドーブル</option>
<option data-value="タ" value="P_DOHMIRROR">ドーミラー</option>
<option data-value="ナ" value="P_NAETLE">ナエトル</option>
<option data-value="ナ" value="P_NAGEKI">ナゲキ</option>
<option data-value="ナ" value="P_NAGETUKESARU">ナゲツケサル</option>
<option data-value="ナ" value="P_NAZONOKUSA">ナゾノクサ</option>
<option data-value="ナ" value="P_NUCKRAR">ナックラー</option>
<option data-value="ナ" value="P_NASSY">ナッシー</option>
<option data-value="ナ" value="P_NUTREY">ナットレイ</option>
<option data-value="ナ" value="P_NAMAKERO">ナマケロ</option>
<option data-value="ナ" value="P_NAMAKOBUSHI">ナマコブシ</option>
<option data-value="ナ" value="P_NAMAZUN">ナマズン</option>
<option data-value="ナ" value="P_NIDANGILL">ニダンギル</option>
<option data-value="ナ" value="P_NIDOKING">ニドキング</option>
<option data-value="ナ" value="P_NIDOQUEEN">ニドクイン</option>
<option data-value="ナ" value="P_NIDORAN_MESU">ニドラン♀</option>
<option data-value="ナ" value="P_NIDORAN_OSU">ニドラン♂</option>
<option data-value="ナ" value="P_NIDORINA">ニドリーナ</option>
<option data-value="ナ" value="P_NIDORINO">ニドリーノ</option>
<option data-value="ナ" value="P_NYAIKING">ニャイキング</option>
<option data-value="ナ" value="P_NYAONIX">ニャオニクス</option>
<option data-value="ナ" value="P_NYASPER">ニャスパー</option>
<option data-value="ナ" value="P_NYAHEAT">ニャヒート</option>
<option data-value="ナ" value="P_NYABBY">ニャビー</option>
<option data-value="ナ" value="P_NYARMAR">ニャルマー</option>
<option data-value="ナ" value="P_NYARTH">ニャース</option>
<option data-value="ナ" value="P_NYULA">ニューラ</option>
<option data-value="ナ" value="P_NYOROZO">ニョロゾ</option>
<option data-value="ナ" value="P_NYOROTONO">ニョロトノ</option>
<option data-value="ナ" value="P_NYOROBON">ニョロボン</option>
<option data-value="ナ" value="P_NYOROMO">ニョロモ</option>
<option data-value="ナ" value="P_NYMPHIA">ニンフィア</option>
<option data-value="ナ" value="P_NUIKOGUMA">ヌイコグマ</option>
<option data-value="ナ" value="P_NUOH">ヌオー</option>
<option data-value="ナ" value="P_NUKENIN">ヌケニン</option>
<option data-value="ナ" value="P_NUMACRAW">ヌマクロー</option>
<option data-value="ナ" value="P_NUMEIL">ヌメイル</option>
<option data-value="ナ" value="P_NUMERA">ヌメラ</option>
<option data-value="ナ" value="P_NUMELGON">ヌメルゴン</option>
<option data-value="ナ" value="P_NATY">ネイティ</option>
<option data-value="ナ" value="P_NATIO">ネイティオ</option>
<option data-value="ナ" value="P_NEOLANT">ネオラント</option>
<option data-value="ナ" value="P_NEGIGAKNIGHT">ネギガナイト</option>
<option data-value="ナ" value="P_NECROZMA">ネクロズマ</option>
<option data-value="ナ" value="P_NEKKOARA">ネッコアラ</option>
<option data-value="ナ" value="P_NEMASYU">ネマシュ</option>
<option data-value="ナ" value="P_NENDOLL">ネンドール</option>
<option data-value="ナ" value="P_NOCTUS">ノクタス</option>
<option data-value="ナ" value="P_NOKOCCHI">ノコッチ</option>
<option data-value="ナ" value="P_NOSEPASS">ノズパス</option>
<option data-value="ハ" value="P_HAGANEIL">ハガネール</option>
<option data-value="ハ" value="P_HAGIGISHIRI">ハギギシリ</option>
<option data-value="ハ" value="P_HAKURYU">ハクリュー</option>
<option data-value="ハ" value="P_HASUBRERO">ハスブレロ</option>
<option data-value="ハ" value="P_HASSBOH">ハスボー</option>
<option data-value="ハ" value="P_HASSAM">ハッサム</option>
<option data-value="ハ" value="P_HATOBOH">ハトーボー</option>
<option data-value="ハ" value="P_HANECCO">ハネッコ</option>
<option data-value="ハ" value="P_HAHAKOMORI">ハハコモリ</option>
<option data-value="ハ" value="P_HAPPINAS">ハピナス</option>
<option data-value="ハ" value="P_HABUNAKE">ハブネーク</option>
<option data-value="ハ" value="P_HAYASHIGAME">ハヤシガメ</option>
<option data-value="ハ" value="P_HARITEYAMA">ハリテヤマ</option>
<option data-value="ハ" value="P_HARIBORG">ハリボーグ</option>
<option data-value="ハ" value="P_HARIMARON">ハリマロン</option>
<option data-value="ハ" value="P_HARYSEN">ハリーセン</option>
<option data-value="ハ" value="P_HUNTAIL">ハンテール</option>
<option data-value="ハ" value="P_HERDERRIE">ハーデリア</option>
<option data-value="ハ" value="P_BAIWOOLUU">バイウールー</option>
<option data-value="ハ" value="P_BAIVANILLA">バイバニラ</option>
<option data-value="ハ" value="P_BAOKKIE">バオッキー</option>
<option data-value="ハ" value="P_BAOPPU">バオップ</option>
<option data-value="ハ" value="P_BAKUONG">バクオング</option>
<option data-value="ハ" value="P_BAKUGAMES">バクガメス</option>
<option data-value="ハ" value="P_BAKPHOON">バクフーン</option>
<option data-value="ハ" value="P_BAKUUDA">バクーダ</option>
<option data-value="ハ" value="P_BAKECCHA">バケッチャ</option>
<option data-value="ハ" value="P_BURSYAMO">バシャーモ</option>
<option data-value="ハ" value="P_BASSRAO">バスラオ</option>
<option data-value="ハ" value="P_BUTTERFREE">バタフリー</option>
<option data-value="ハ" value="P_BACHURU">バチュル</option>
<option data-value="ハ" value="P_BACHINUNI">バチンウニ</option>
<option data-value="ハ" value="P_BACHINKEY">バチンキー</option>
<option data-value="ハ" value="P_BUFFRON">バッフロン</option>
<option data-value="ハ" value="P_BUDREX">バドレックス</option>
<option data-value="ハ" value="P_VANIPETI">バニプッチ</option>
<option data-value="ハ" value="P_VANIRICH">バニリッチ</option>
<option data-value="ハ" value="P_BANEBOO">バネブー</option>
<option data-value="ハ" value="P_BARRIKOHRU">バリコオル</option>
<option data-value="ハ" value="P_BARRIERD">バリヤード</option>
<option data-value="ハ" value="P_BALKIE">バルキー</option>
<option data-value="ハ" value="P_VULGINA">バルジーナ</option>
<option data-value="ハ" value="P_VALCHAI">バルチャイ</option>
<option data-value="ハ" value="P_BARUBEAT">バルビート</option>
<option data-value="ハ" value="P_BANGIRAS">バンギラス</option>
<option data-value="ハ" value="P_BANBADORO">バンバドロ</option>
<option data-value="ハ" value="P_PAWOU">パウワウ</option>
<option data-value="ハ" value="P_PACHIRISU">パチリス</option>
<option data-value="ハ" value="P_PATCHIRAGON">パッチラゴン</option>
<option data-value="ハ" value="P_PATCHILLDON">パッチルドン</option>
<option data-value="ハ" value="P_PATCHEEL">パッチール</option>
<option data-value="ハ" value="P_PARAS">パラス</option>
<option data-value="ハ" value="P_PARASECT">パラセクト</option>
<option data-value="ハ" value="P_PALKIA">パルキア</option>
<option data-value="ハ" value="P_PARSHEN">パルシェン</option>
<option data-value="ハ" value="P_PULSEWAN">パルスワン</option>
<option data-value="ハ" value="P_PUMPJIN">パンプジン</option>
<option data-value="ハ" value="P_PEARLULU">パールル</option>
<option data-value="ハ" value="P_HIKOZARU">ヒコザル</option>
<option data-value="ハ" value="P_HITOKAGE">ヒトカゲ</option>
<option data-value="ハ" value="P_HITOTSUKI">ヒトツキ</option>
<option data-value="ハ" value="P_HITODEMAN">ヒトデマン</option>
<option data-value="ハ" value="P_HITOMOSHI">ヒトモシ</option>
<option data-value="ハ" value="P_HIDOIDE">ヒドイデ</option>
<option data-value="ハ" value="P_HINOARASHI">ヒノアラシ</option>
<option data-value="ハ" value="P_HINOYAKOMA">ヒノヤコマ</option>
<option data-value="ハ" value="P_HIBANNY">ヒバニー</option>
<option data-value="ハ" value="P_HIHIDARUMA">ヒヒダルマ</option>
<option data-value="ハ" value="P_HIPPOPOTAS">ヒポポタス</option>
<option data-value="ハ" value="P_HIMANUTS">ヒマナッツ</option>
<option data-value="ハ" value="P_HIMEGUMA">ヒメグマ</option>
<option data-value="ハ" value="P_HIMENKA">ヒメンカ</option>
<option data-value="ハ" value="P_HIYAKKIE">ヒヤッキー</option>
<option data-value="ハ" value="P_HIYAPPU">ヒヤップ</option>
<option data-value="ハ" value="P_HINBASS">ヒンバス</option>
<option data-value="ハ" value="P_HEATRAN">ヒードラン</option>
<option data-value="ハ" value="P_VICTINI">ビクティニ</option>
<option data-value="ハ" value="P_BIPPA">ビッパ</option>
<option data-value="ハ" value="P_VIVIYON">ビビヨン</option>
<option data-value="ハ" value="P_VIBRAVA">ビブラーバ</option>
<option data-value="ハ" value="P_VIRIZION">ビリジオン</option>
<option data-value="ハ" value="P_BIRIRIDAMA">ビリリダマ</option>
<option data-value="ハ" value="P_BEEQUEN">ビークイン</option>
<option data-value="ハ" value="P_BEADARU">ビーダル</option>
<option data-value="ハ" value="P_BEEDLE">ビードル</option>
<option data-value="ハ" value="P_PY">ピィ</option>
<option data-value="ハ" value="P_PIKACHU">ピカチュウ</option>
<option data-value="ハ" value="P_PIXY">ピクシー</option>
<option data-value="ハ" value="P_PIGEOT">ピジョット</option>
<option data-value="ハ" value="P_PIGEON">ピジョン</option>
<option data-value="ハ" value="P_PICHU">ピチュー</option>
<option data-value="ハ" value="P_PIPPI">ピッピ</option>
<option data-value="ハ" value="P_PINPUKU">ピンプク</option>
<option data-value="ハ" value="P_FIARROW">ファイアロー</option>
<option data-value="ハ" value="P_FIRE">ファイヤー</option>
<option data-value="ハ" value="P_PHIONE">フィオネ</option>
<option data-value="ハ" value="P_PHEROACHE">フェローチェ</option>
<option data-value="ハ" value="P_FOXLY">フォクスライ</option>
<option data-value="ハ" value="P_FOKKO">フォッコ</option>
<option data-value="ハ" value="P_FORETOS">フォレトス</option>
<option data-value="ハ" value="P_FUKAMARU">フカマル</option>
<option data-value="ハ" value="P_FUKUTHROW">フクスロー</option>
<option data-value="ハ" value="P_FUSHIGISOU">フシギソウ</option>
<option data-value="ハ" value="P_FUSHIGIDANE">フシギダネ</option>
<option data-value="ハ" value="P_FUSHIGIBANA">フシギバナ</option>
<option data-value="ハ" value="P_FUSHIDE">フシデ</option>
<option data-value="ハ" value="P_FUTACHIMARU">フタチマル</option>
<option data-value="ハ" value="P_FLYGON">フライゴン</option>
<option data-value="ハ" value="P_FLOETTE">フラエッテ</option>
<option data-value="ハ" value="P_FLABEBE">フラベベ</option>
<option data-value="ハ" value="P_FLORGES">フラージェス</option>
<option data-value="ハ" value="P_FREEZER">フリーザー</option>
<option data-value="ハ" value="P_FREEGEO">フリージオ</option>
<option data-value="ハ" value="P_FREFUWAN">フレフワン</option>
<option data-value="ハ" value="P_FLOAZEL">フローゼル</option>
<option data-value="ハ" value="P_FUWARIDE">フワライド</option>
<option data-value="ハ" value="P_FUWANTE">フワンテ</option>
<option data-value="ハ" value="P_FOODIN">フーディン</option>
<option data-value="ハ" value="P_HOOPA">フーパ</option>
<option data-value="ハ" value="P_BUOYSEL">ブイゼル</option>
<option data-value="ハ" value="P_BUNYATTO">ブニャット</option>
<option data-value="ハ" value="P_BUBY">ブビィ</option>
<option data-value="ハ" value="P_BLACKY">ブラッキー</option>
<option data-value="ハ" value="P_BRIGARRON">ブリガロン</option>
<option data-value="ハ" value="P_BURIZAPOSU">ブリザポス</option>
<option data-value="ハ" value="P_BRIMUON">ブリムオン</option>
<option data-value="ハ" value="P_BURUNGEL">ブルンゲル</option>
<option data-value="ハ" value="P_BULU">ブルー</option>
<option data-value="ハ" value="P_BLOSTER">ブロスター</option>
<option data-value="ハ" value="P_BOOSTER">ブースター</option>
<option data-value="ハ" value="P_BOOBER">ブーバー</option>
<option data-value="ハ" value="P_BOOBURN">ブーバーン</option>
<option data-value="ハ" value="P_BOOPIG">ブーピッグ</option>
<option data-value="ハ" value="P_PUKURIN">プクリン</option>
<option data-value="ハ" value="P_PTERA">プテラ</option>
<option data-value="ハ" value="P_PUPURIN">ププリン</option>
<option data-value="ハ" value="P_PRASLE">プラスル</option>
<option data-value="ハ" value="P_PURIN">プリン</option>
<option data-value="ハ" value="P_PURURILL">プルリル</option>
<option data-value="ハ" value="P_PROTOGA">プロトーガ</option>
<option data-value="ハ" value="P_HEIGANI">ヘイガニ</option>
<option data-value="ハ" value="P_HERACROS">ヘラクロス</option>
<option data-value="ハ" value="P_HELLGAR">ヘルガー</option>
<option data-value="ハ" value="P_BAYLEAF">ベイリーフ</option>
<option data-value="ハ" value="P_BETBETER">ベトベター</option>
<option data-value="ハ" value="P_BETBETON">ベトベトン</option>
<option data-value="ハ" value="P_BEVENOM">ベベノム</option>
<option data-value="ハ" value="P_BEROBA">ベロバー</option>
<option data-value="ハ" value="P_BEROBELT">ベロベルト</option>
<option data-value="ハ" value="P_BERORINGA">ベロリンガ</option>
<option data-value="ハ" value="P_PERAP">ペラップ</option>
<option data-value="ハ" value="P_PELIPPER">ペリッパー</option>
<option data-value="ハ" value="P_PERSIAN">ペルシアン</option>
<option data-value="ハ" value="P_PEROPPAFU">ペロッパフ</option>
<option data-value="ハ" value="P_PEROREAM">ペロリーム</option>
<option data-value="ハ" value="P_PENDROR">ペンドラー</option>
<option data-value="ハ" value="P_WHEEGA">ホイーガ</option>
<option data-value="ハ" value="P_HOUOU">ホウオウ</option>
<option data-value="ハ" value="P_WHALOH">ホエルオー</option>
<option data-value="ハ" value="P_HOERUKO">ホエルコ</option>
<option data-value="ハ" value="P_HOSHIGARISU">ホシガリス</option>
<option data-value="ハ" value="P_HORUBEE">ホルビー</option>
<option data-value="ハ" value="P_HORUDO">ホルード</option>
<option data-value="ハ" value="P_HOHO">ホーホー</option>
<option data-value="ハ" value="P_BOKUREI">ボクレー</option>
<option data-value="ハ" value="P_BOSSGODORA">ボスゴドラ</option>
<option data-value="ハ" value="P_VOLCANION">ボルケニオン</option>
<option data-value="ハ" value="P_VOLTOLOS">ボルトロス</option>
<option data-value="ハ" value="P_BOHMANDER">ボーマンダ</option>
<option data-value="ハ" value="P_POKABU">ポカブ</option>
<option data-value="ハ" value="P_POCHIENA">ポチエナ</option>
<option data-value="ハ" value="P_POTTAISHI">ポッタイシ</option>
<option data-value="ハ" value="P_POCHAMA">ポッチャマ</option>
<option data-value="ハ" value="P_POTDEATH">ポットデス</option>
<option data-value="ハ" value="P_POPPO">ポッポ</option>
<option data-value="ハ" value="P_PONYTA">ポニータ</option>
<option data-value="ハ" value="P_POPOCCO">ポポッコ</option>
<option data-value="ハ" value="P_PORYGON">ポリゴン</option>
<option data-value="ハ" value="P_PORYGON2">ポリゴン２</option>
<option data-value="ハ" value="P_PORYGON-Z">ポリゴンＺ</option>
<option data-value="ハ" value="P_POWALEN">ポワルン</option>
<option data-value="マ" value="P_MINUN">マイナン</option>
<option data-value="マ" value="P_MAGEARNA">マギアナ</option>
<option data-value="マ" value="P_MAKUNOSHITA">マクノシタ</option>
<option data-value="マ" value="P_MAGCARGOT">マグカルゴ</option>
<option data-value="マ" value="P_MAGMAG">マグマッグ</option>
<option data-value="マ" value="P_MAGMARASHI">マグマラシ</option>
<option data-value="マ" value="P_MAKENKANI">マケンカニ</option>
<option data-value="マ" value="P_MASHADE">マシェード</option>
<option data-value="マ" value="P_MUSKIPPA">マスキッパ</option>
<option data-value="マ" value="P_MATADOGAS">マタドガス</option>
<option data-value="マ" value="P_MADATSUBOMI">マダツボミ</option>
<option data-value="マ" value="P_MAGGYO">マッギョ</option>
<option data-value="マ" value="P_MASSIVOON">マッシブーン</option>
<option data-value="マ" value="P_MASSUGUMA">マッスグマ</option>
<option data-value="マ" value="P_MANAPHY">マナフィ</option>
<option data-value="マ" value="P_MANYULA">マニューラ</option>
<option data-value="マ" value="P_MANENE">マネネ</option>
<option data-value="マ" value="P_MAHOXY">マフォクシー</option>
<option data-value="マ" value="P_MAWHIP">マホイップ</option>
<option data-value="マ" value="P_MAHOMIL">マホミル</option>
<option data-value="マ" value="P_MAMANBOU">ママンボウ</option>
<option data-value="マ" value="P_MAMEPATO">マメパト</option>
<option data-value="マ" value="P_MAYULD">マユルド</option>
<option data-value="マ" value="P_MARACACCHI">マラカッチ</option>
<option data-value="マ" value="P_MARIL">マリル</option>
<option data-value="マ" value="P_MARILLI">マリルリ</option>
<option data-value="マ" value="P_MARUNOOM">マルノーム</option>
<option data-value="マ" value="P_MARUMINE">マルマイン</option>
<option data-value="マ" value="P_MARUYAKUDE">マルヤクデ</option>
<option data-value="マ" value="P_MANKEY">マンキー</option>
<option data-value="マ" value="P_MANTAIN">マンタイン</option>
<option data-value="マ" value="P_MAMMOO">マンムー</option>
<option data-value="マ" value="P_MAAIIKA">マーイーカ</option>
<option data-value="マ" value="P_MARSHADOW">マーシャドー</option>
<option data-value="マ" value="P_MIKARUGE">ミカルゲ</option>
<option data-value="マ" value="P_MIJUMARU">ミジュマル</option>
<option data-value="マ" value="P_MIZUGOROU">ミズゴロウ</option>
<option data-value="マ" value="P_MITSUHONEY">ミツハニー</option>
<option data-value="マ" value="P_MINIRYU">ミニリュウ</option>
<option data-value="マ" value="P_MINEZUMI">ミネズミ</option>
<option data-value="マ" value="P_MINOMADAM">ミノマダム</option>
<option data-value="マ" value="P_MINOMUCCHI">ミノムッチ</option>
<option data-value="マ" value="P_MIBRIM">ミブリム</option>
<option data-value="マ" value="P_MIMIKKYU">ミミッキュ</option>
<option data-value="マ" value="P_MIMILOP">ミミロップ</option>
<option data-value="マ" value="P_MIMIROL">ミミロル</option>
<option data-value="マ" value="P_MEW">ミュウ</option>
<option data-value="マ" value="P_MEWTWO">ミュウツー</option>
<option data-value="マ" value="P_MILTANK">ミルタンク</option>
<option data-value="マ" value="P_MIRUHOG">ミルホッグ</option>
<option data-value="マ" value="P_MILOKAROSS">ミロカロス</option>
<option data-value="マ" value="P_MUMA">ムウマ</option>
<option data-value="マ" value="P_MUMARGI">ムウマージ</option>
<option data-value="マ" value="P_MUKUBIRD">ムクバード</option>
<option data-value="マ" value="P_MUKUHAWK">ムクホーク</option>
<option data-value="マ" value="P_MUGENDINA">ムゲンダイナ</option>
<option data-value="マ" value="P_MUSHARNA">ムシャーナ</option>
<option data-value="マ" value="P_MUCHUL">ムチュール</option>
<option data-value="マ" value="P_MUKKURU">ムックル</option>
<option data-value="マ" value="P_MUNNA">ムンナ</option>
<option data-value="マ" value="P_MOOLAND">ムーランド</option>
<option data-value="マ" value="P_MEECLE">メェークル</option>
<option data-value="マ" value="P_MEGANIUM">メガニウム</option>
<option data-value="マ" value="P_MEGAYANMA">メガヤンマ</option>
<option data-value="マ" value="P_MEGUROCO">メグロコ</option>
<option data-value="マ" value="P_METAGROSS">メタグロス</option>
<option data-value="マ" value="P_METAMON">メタモン</option>
<option data-value="マ" value="P_METANG">メタング</option>
<option data-value="マ" value="P_MESSON">メッソン</option>
<option data-value="マ" value="P_METENO">メテノ</option>
<option data-value="マ" value="P_MENOKURAGE">メノクラゲ</option>
<option data-value="マ" value="P_MEBUKIJIKA">メブキジカ</option>
<option data-value="マ" value="P_MERLARVA">メラルバ</option>
<option data-value="マ" value="P_MERRIEP">メリープ</option>
<option data-value="マ" value="P_MELTAN">メルタン</option>
<option data-value="マ" value="P_MELMETAL">メルメタル</option>
<option data-value="マ" value="P_MELECIE">メレシー</option>
<option data-value="マ" value="P_MELOETTA">メロエッタ</option>
<option data-value="マ" value="P_MOUKAZARU">モウカザル</option>
<option data-value="マ" value="P_MOKUROH">モクロー</option>
<option data-value="マ" value="P_MOGUREW">モグリュー</option>
<option data-value="マ" value="P_MOKOKO">モココ</option>
<option data-value="マ" value="P_MOJUMBO">モジャンボ</option>
<option data-value="マ" value="P_MOTHNOW">モスノウ</option>
<option data-value="マ" value="P_MONOZU">モノズ</option>
<option data-value="マ" value="P_MORPHON">モルフォン</option>
<option data-value="マ" value="P_MORPEKO">モルペコ</option>
<option data-value="マ" value="P_MOROBARERU">モロバレル</option>
<option data-value="マ" value="P_MONJARA">モンジャラ</option>
<option data-value="マ" value="P_MONMEN">モンメン</option>
<option data-value="ヤ" value="P_YAKUDE">ヤクデ</option>
<option data-value="ヤ" value="P_YAJILON">ヤジロン</option>
<option data-value="ヤ" value="P_YATOUMORI">ヤトウモリ</option>
<option data-value="ヤ" value="P_YADOKING">ヤドキング</option>
<option data-value="ヤ" value="P_YADORAN">ヤドラン</option>
<option data-value="ヤ" value="P_YADON">ヤドン</option>
<option data-value="ヤ" value="P_YANAKKIE">ヤナッキー</option>
<option data-value="ヤ" value="P_YANAPPU">ヤナップ</option>
<option data-value="ヤ" value="P_YABACHA">ヤバチャ</option>
<option data-value="ヤ" value="P_YABUKURON">ヤブクロン</option>
<option data-value="ヤ" value="P_YAMIKARASU">ヤミカラス</option>
<option data-value="ヤ" value="P_YAMIRAMI">ヤミラミ</option>
<option data-value="ヤ" value="P_YAYAKOMA">ヤヤコマ</option>
<option data-value="ヤ" value="P_YARUKIMONO">ヤルキモノ</option>
<option data-value="ヤ" value="P_YAREYUUTAN">ヤレユータン</option>
<option data-value="ヤ" value="P_YOUNGOOSE">ヤングース</option>
<option data-value="ヤ" value="P_YANCHAM">ヤンチャム</option>
<option data-value="ヤ" value="P_YANYANMA">ヤンヤンマ</option>
<option data-value="ヤ" value="P_YUKIKABURI">ユキカブリ</option>
<option data-value="ヤ" value="P_YUKINOOH">ユキノオー</option>
<option data-value="ヤ" value="P_YUKIHAMI">ユキハミ</option>
<option data-value="ヤ" value="P_YUKIMENOKO">ユキメノコ</option>
<option data-value="ヤ" value="P_YUKIWARASHI">ユキワラシ</option>
<option data-value="ヤ" value="P_YUXIE">ユクシー</option>
<option data-value="ヤ" value="P_UNIRAN">ユニラン</option>
<option data-value="ヤ" value="P_YURADLE">ユレイドル</option>
<option data-value="ヤ" value="P_YUNGERER">ユンゲラー</option>
<option data-value="ヤ" value="P_YOKUBARISU">ヨクバリス</option>
<option data-value="ヤ" value="P_YONOIR">ヨノワール</option>
<option data-value="ヤ" value="P_YOMAWARU">ヨマワル</option>
<option data-value="ヤ" value="P_YORUNOZUKU">ヨルノズク</option>
<option data-value="ヤ" value="P_YOWASHI">ヨワシ</option>
<option data-value="ヤ" value="P_YOGIRAS">ヨーギラス</option>
<option data-value="ヤ" value="P_YORTERRIE">ヨーテリー</option>
<option data-value="ラ" value="P_RAIKOU">ライコウ</option>
<option data-value="ラ" value="P_RAICHU">ライチュウ</option>
<option data-value="ラ" value="P_LIVOLT">ライボルト</option>
<option data-value="ラ" value="P_RAKURAI">ラクライ</option>
<option data-value="ラ" value="P_LAGLARGE">ラグラージ</option>
<option data-value="ラ" value="P_LUCKY">ラッキー</option>
<option data-value="ラ" value="P_RATTA">ラッタ</option>
<option data-value="ラ" value="P_LATIAS">ラティアス</option>
<option data-value="ラ" value="P_LATIOS">ラティオス</option>
<option data-value="ラ" value="P_RABBIFUTO">ラビフット</option>
<option data-value="ラ" value="P_RUFFRESIA">ラフレシア</option>
<option data-value="ラ" value="P_LOVECUS">ラブカス</option>
<option data-value="ラ" value="P_LAPLACE">ラプラス</option>
<option data-value="ラ" value="P_RAMPALD">ラムパルド</option>
<option data-value="ラ" value="P_LALANTES">ラランテス</option>
<option data-value="ラ" value="P_RALTS">ラルトス</option>
<option data-value="ラ" value="P_LANCULUS">ランクルス</option>
<option data-value="ラ" value="P_LANTERN">ランターン</option>
<option data-value="ラ" value="P_LANDLOS">ランドロス</option>
<option data-value="ラ" value="P_LAMPLER">ランプラー</option>
<option data-value="ラ" value="P_RIOLU">リオル</option>
<option data-value="ラ" value="P_LIGRAY">リグレー</option>
<option data-value="ラ" value="P_LIZARDO">リザード</option>
<option data-value="ラ" value="P_LIZARDON">リザードン</option>
<option data-value="ラ" value="P_LILYLA">リリーラ</option>
<option data-value="ラ" value="P_RINGUMA">リングマ</option>
<option data-value="ラ" value="P_LISYAN">リーシャン</option>
<option data-value="ラ" value="P_LEAFIA">リーフィア</option>
<option data-value="ラ" value="P_LUCARIO">ルカリオ</option>
<option data-value="ラ" value="P_LUGARUGAN">ルガルガン</option>
<option data-value="ラ" value="P_LUGIA">ルギア</option>
<option data-value="ラ" value="P_LUXIO">ルクシオ</option>
<option data-value="ラ" value="P_LUCHABULL">ルチャブル</option>
<option data-value="ラ" value="P_LUNALA">ルナアーラ</option>
<option data-value="ラ" value="P_LUNATONE">ルナトーン</option>
<option data-value="ラ" value="P_RURIRI">ルリリ</option>
<option data-value="ラ" value="P_RUNPAPPA">ルンパッパ</option>
<option data-value="ラ" value="P_ROUGELA">ルージュラ</option>
<option data-value="ラ" value="P_RARECOIL">レアコイル</option>
<option data-value="ラ" value="P_REISUPOSU">レイスポス</option>
<option data-value="ラ" value="P_RESHIRAM">レシラム</option>
<option data-value="ラ" value="P_REGICE">レジアイス</option>
<option data-value="ラ" value="P_REGIELEKI">レジエレキ</option>
<option data-value="ラ" value="P_REGIGIGAS">レジギガス</option>
<option data-value="ラ" value="P_REGISTEEL">レジスチル</option>
<option data-value="ラ" value="P_REGIDORAGO">レジドラゴ</option>
<option data-value="ラ" value="P_REGIROCK">レジロック</option>
<option data-value="ラ" value="P_RAYQUAZA">レックウザ</option>
<option data-value="ラ" value="P_REDIAN">レディアン</option>
<option data-value="ラ" value="P_REDIBA">レディバ</option>
<option data-value="ラ" value="P_REDOMUSHI">レドームシ</option>
<option data-value="ラ" value="P_LEPARDAS">レパルダス</option>
<option data-value="ラ" value="P_RENTORAR">レントラー</option>
<option data-value="ラ" value="P_ROKON">ロコン</option>
<option data-value="ラ" value="P_ROSERADE">ロズレイド</option>
<option data-value="ラ" value="P_ROSELIA">ロゼリア</option>
<option data-value="ラ" value="P_ROTOM">ロトム</option>
<option data-value="ラ" value="P_ROUBUSHIN">ローブシン</option>
<option data-value="ワ" value="P_WAKASYAMO">ワカシャモ</option>
<option data-value="ワ" value="P_WASHIBON">ワシボン</option>
<option data-value="ワ" value="P_WATASHIRAGA">ワタシラガ</option>
<option data-value="ワ" value="P_WATACCO">ワタッコ</option>
<option data-value="ワ" value="P_WANINOKO">ワニノコ</option>
<option data-value="ワ" value="P_WARUVIAL">ワルビアル</option>
<option data-value="ワ" value="P_WARUVILE">ワルビル</option>
<option data-value="ワ" value="P_WANPACHI">ワンパチ</option>
<option data-value="ワ" value="P_WANRIKY">ワンリキー</option>
</select>
</dd>
<dt>発売日</dt>
<dd>
<label><input checked="" name="release" type="radio" value=""/>全ての期間</label>
<label><input name="release" type="radio" value="6"/>今週発売</label>
<label><input name="release" type="radio" value="1"/>1週間以内</label>
<label><input name="release" type="radio" value="2"/>1カ月以内</label>
<label><input name="release" type="radio" value="3"/>6カ月以内</label>
<label><input name="release" type="radio" value="4"/>1年以内</label>
<label><input name="release" type="radio" value="5"/>1年以上</label>
</dd>
<dt>その他</dt>
<dd>
<label><input name="new" type="checkbox"/>新着</label>
<label><input name="restock" type="checkbox"/>再入荷</label>
<label><input checked="" name="stock" type="checkbox"/>在庫あり</label><br/>
<!--					<label><input type="checkbox" name="sale" >SALE</label> -->
<label><input name="online" type="checkbox"/>オンライン限定</label>
<label><input name="reserve" type="checkbox"/>予約</label><br/>
<!--					<label><input type="checkbox" name="order" >受注受付中</label><br> -->
<!--  					<label><input type="checkbox" name="dl" >ダウンロード</label><br> -->
<label><input name="org" type="checkbox"/>ポケモンセンターオリジナル商品</label><br/>
<label><input name="lic" type="checkbox"/>ポケモンセンターオリジナル商品以外</label>
</dd>
</dl>
<dl>
<dt>商品カテゴリを選ぶ</dt>
<dd class="select">
<select class="select_parent" id="parent_category" name="cat1"><option value="">商品カテゴリ</option>
<option value="toy">ぬいぐるみ・おもちゃ</option>
<option value="game">ゲーム</option>
<option value="card">カードゲーム</option>
<option value="stationery">文房具</option>
<option value="dailygoods">日用品</option>
<option value="kitchen">キッチン用品</option>
<option value="phone">スマホ・PC用品</option>
<option value="goods">雑貨・小物</option>
<option value="fashion">バッグ・ポーチ・財布</option>
<option value="apparel">アパレル</option>
<option value="other">その他</option>
<option value="cddvd">CD・DVD</option>
<option value="season">季節商品</option>
<option value="ticket">チケット</option>
<option value="food">フード</option>
<option value="book">本</option>
</select>
<select class="select_child" disabled="" name="cat2"><option value="">詳細絞り込み</option>
<option data-value="toy" value="other">その他おもちゃ</option>
<option data-value="toy" value="doll">ぬいぐるみ・マスコット</option>
<option data-value="toy" value="figure">フィギュア・プラモデル</option>
<option data-value="game" value="accessory">ゲームアクセサリー</option>
<option data-value="game" value="soft">ゲ―ムソフト</option>
<option data-value="game" value="hard">ゲーム本体</option>
<option data-value="card" value="accessory">カードアクセサリー</option>
<option data-value="card" value="extension">拡張パック・コンセプトパック</option>
<option data-value="card" value="outer">構築デッキ・その他カード</option>
<option data-value="stationery" value="other">その他文房具</option>
<option data-value="stationery" value="note">ノート・メモ</option>
<option data-value="stationery" value="file">ファイル</option>
<option data-value="stationery" value="pen">筆記用具</option>
<option data-value="dailygoods" value="bath">バス・トイレタリー</option>
<option data-value="dailygoods" value="bedding">寝具</option>
<option data-value="dailygoods" value="dailygoods">日用品</option>
<option data-value="kitchen" value="kitchen">その他キッチン用品</option>
<option data-value="kitchen" value="table">テーブルウェア</option>
<option data-value="kitchen" value="lunch">ランチ用品</option>
<option data-value="phone" value="pc">PC用品</option>
<option data-value="phone" value="phone">スマホ・携帯用品</option>
<option data-value="goods" value="keychain">その他雑貨</option>
<option data-value="goods" value="sports">スポーツ・レジャー</option>
<option data-value="goods" value="towel">ハンカチ・タオル</option>
<option data-value="goods" value="fashion">ファッション雑貨</option>
<option data-value="goods" value="charm">メタルチャーム</option>
<option data-value="goods" value="rain">レイングッズ</option>
<option data-value="goods" value="watch">時計</option>
<option data-value="fashion" value="bag">バッグ</option>
<option data-value="fashion" value="poach">ポーチ・巾着</option>
<option data-value="fashion" value="wallet">財布・カードケース</option>
<option data-value="apparel" value="outer">アウター</option>
<option data-value="apparel" value="shirt">シャツ</option>
<option data-value="apparel" value="other">その他アパレル</option>
<option data-value="apparel" value="bottom">ボトム</option>
<option data-value="apparel" value="room">ルームウェア</option>
<option data-value="apparel" value="inner">下着</option>
<option data-value="apparel" value="socks">靴下</option>
<option data-value="apparel" value="hat">帽子・ハット</option>
<option data-value="other" value="other">その他</option>
<option data-value="cddvd" value="cddvd">CD・DVD・Blue-ray</option>
<option data-value="season" value="Xmas">クリスマス用品</option>
<option data-value="season" value="outer">その他季節商品</option>
<option data-value="season" value="beach">ビーチ用品</option>
<option data-value="season" value="newyear">正月用品</option>
<option data-value="season" value="thermalwear">防寒具</option>
<option data-value="ticket" value="ticket">チケット</option>
<option data-value="food" value="other">その他フード</option>
<option data-value="food" value="pastry">菓子</option>
<option data-value="book" value="calendar">カレンダー・ポスター</option>
<option data-value="book" value="magazine">雑誌</option>
<option data-value="book" value="book">本</option>
</select>
</dd>
<dt>キーワード検索</dt>
<dd>
<input maxlength="50" name="keyword" placeholder="キーワードから探す" type="text" value="45213293227"/>
</dd>
<dt>金額</dt>
<dd>
<input class="imeoff" min="0" name="p_from" type="number" value=""/>円～
						<input class="imeoff" min="0" name="p_to" type="number" value=""/>円<br/>
</dd>
</dl>
</div>
<p class="submit"><input alt="この条件で検索する" height="56" src="/static/image/common/search_submit.png" type="image" width="286"/></p>
</form>
2021-09-29 15:29:23,942 - INFO - test.py - __main__ - check_stock - ミミッキュ
